<?xml version="1.0" encoding="UTF-8"?>
<!-- Generated by org.testng.reporters.JUnitReportReporter -->
<testsuite hostname="LAPTOP-8PO5ARJU" failures="0" tests="1" name="com.Alerts.WebTable" time="20.179" errors="0" timestamp="2022-05-13T12:36:28 IST" skipped="0">
  <testcase classname="com.Alerts.WebTable" name="WebTable_Hindle" time="20.179"/>
  <system-out/>
</testsuite> <!-- com.Alerts.WebTable -->
