<?xml version="1.0" encoding="UTF-8"?>
<!-- Generated by org.testng.reporters.JUnitReportReporter -->
<testsuite hostname="LAPTOP-8PO5ARJU" failures="0" tests="1" name="com.DatePicker.TwoDatPicker" time="16.530" errors="0" timestamp="2022-05-16T13:56:35 IST" skipped="0">
  <testcase classname="com.DatePicker.TwoDatPicker" name="TwoDatPicker_Handle" time="16.530"/>
  <system-out/>
</testsuite> <!-- com.DatePicker.TwoDatPicker -->
