<?xml version="1.0" encoding="UTF-8"?>
<!-- Generated by org.testng.reporters.JUnitReportReporter -->
<testsuite hostname="LAPTOP-8PO5ARJU" failures="0" tests="1" name="com.iframes.IframeDeom_2" time="21.406" errors="0" timestamp="2022-05-14T13:12:16 IST" skipped="0">
  <testcase classname="com.iframes.IframeDeom_2" name="IframeDeom_2_Hindle" time="21.406"/>
  <system-out/>
</testsuite> <!-- com.iframes.IframeDeom_2 -->
