<?xml version="1.0" encoding="UTF-8"?>
<!-- Generated by org.testng.reporters.JUnitReportReporter -->
<testsuite hostname="LAPTOP-8PO5ARJU" failures="0" tests="1" name="com.CaptureScreenshot.ParticlarScreenShort" time="21.396" errors="0" timestamp="2022-05-13T14:06:55 IST" skipped="0">
  <testcase classname="com.CaptureScreenshot.ParticlarScreenShort" name="Particlar_Hindle" time="21.396"/>
  <system-out/>
</testsuite> <!-- com.CaptureScreenshot.ParticlarScreenShort -->
