<?xml version="1.0" encoding="UTF-8"?>
<!-- Generated by org.testng.reporters.JUnitReportReporter -->
<testsuite hostname="LAPTOP-8PO5ARJU" failures="0" tests="1" name="com.MyPages.ImgeClick" time="16.899" errors="0" timestamp="2022-05-11T15:20:05 IST" skipped="0">
  <testcase classname="com.MyPages.ImgeClick" name="GetTitle" time="16.899"/>
  <system-out/>
</testsuite> <!-- com.MyPages.ImgeClick -->
