<?xml version="1.0" encoding="UTF-8"?>
<!-- Generated by org.testng.reporters.JUnitReportReporter -->
<testsuite hostname="LAPTOP-8PO5ARJU" failures="0" tests="1" name="com.MyPages.RiadoButton" time="30.539" errors="0" timestamp="2022-05-11T13:20:25 IST" skipped="0">
  <testcase classname="com.MyPages.RiadoButton" name="LinksBroken" time="30.539"/>
  <system-out/>
</testsuite> <!-- com.MyPages.RiadoButton -->
