<?xml version="1.0" encoding="UTF-8"?>
<!-- Generated by org.testng.reporters.JUnitReportReporter -->
<testsuite hostname="LAPTOP-8PO5ARJU" failures="0" tests="1" name="com.iframes.IframeDemo" time="16.897" errors="0" timestamp="2022-05-14T09:36:16 IST" skipped="0">
  <testcase classname="com.iframes.IframeDemo" name="Iframe_Hindle" time="16.897"/>
  <system-out/>
</testsuite> <!-- com.iframes.IframeDemo -->
