<?xml version="1.0" encoding="UTF-8"?>
<!-- Generated by org.testng.reporters.JUnitReportReporter -->
<testsuite hostname="LAPTOP-8PO5ARJU" failures="0" tests="1" name="com.Alerts.Alert" time="19.047" errors="0" timestamp="2022-05-12T14:19:05 IST" skipped="0">
  <testcase classname="com.Alerts.Alert" name="AlertRobort_Hindle" time="19.047"/>
  <system-out/>
</testsuite> <!-- com.Alerts.Alert -->
