<?xml version="1.0" encoding="UTF-8"?>
<!-- Generated by org.testng.reporters.JUnitReportReporter -->
<testsuite hostname="LAPTOP-8PO5ARJU" failures="0" tests="1" name="com.CaptureScreenshot.CaputureFullScreenShort" time="32.383" errors="0" timestamp="2022-05-13T13:45:34 IST" skipped="0">
  <testcase classname="com.CaptureScreenshot.CaputureFullScreenShort" name="ScreenShort_Hindle" time="32.383"/>
  <system-out/>
</testsuite> <!-- com.CaptureScreenshot.CaputureFullScreenShort -->
