<?xml version="1.0" encoding="UTF-8"?>
<!-- Generated by org.testng.reporters.JUnitReportReporter -->
<testsuite hostname="LAPTOP-8PO5ARJU" failures="0" tests="1" name="com.Alerts.ArthticantionPUP" time="15.344" errors="0" timestamp="2022-05-16T15:17:32 IST" skipped="0">
  <testcase classname="com.Alerts.ArthticantionPUP" name="ArthticantionPUP_Hindle" time="15.344"/>
  <system-out/>
</testsuite> <!-- com.Alerts.ArthticantionPUP -->
