<?xml version="1.0" encoding="UTF-8"?>
<!-- Generated by org.testng.reporters.JUnitReportReporter -->
<testsuite hostname="LAPTOP-8PO5ARJU" failures="0" tests="1" name="com.MyPages.DropDwonList" time="39.968" errors="0" timestamp="2022-05-11T10:29:54 IST" skipped="0">
  <testcase classname="com.MyPages.DropDwonList" name="DropDwons" time="39.968"/>
  <system-out/>
</testsuite> <!-- com.MyPages.DropDwonList -->
