<?xml version="1.0" encoding="UTF-8"?>
<!-- Generated by org.testng.reporters.JUnitReportReporter -->
<testsuite hostname="LAPTOP-8PO5ARJU" failures="0" tests="1" name="com.UploadFile.UploadFile" time="17.462" errors="0" timestamp="2022-05-12T13:47:07 IST" skipped="0">
  <testcase classname="com.UploadFile.UploadFile" name="Upload_File" time="17.462"/>
  <system-out/>
</testsuite> <!-- com.UploadFile.UploadFile -->
