<?xml version="1.0" encoding="UTF-8"?>
<!-- Generated by org.testng.reporters.JUnitReportReporter -->
<testsuite hostname="LAPTOP-8PO5ARJU" failures="0" tests="1" name="com.DatePicker.FristDatePicker" time="25.498" errors="0" timestamp="2022-05-15T18:09:41 IST" skipped="0">
  <testcase classname="com.DatePicker.FristDatePicker" name="FristDatePicker_Handle" time="25.498"/>
  <system-out/>
</testsuite> <!-- com.DatePicker.FristDatePicker -->
