<?xml version="1.0" encoding="UTF-8"?>
<!-- Generated by org.testng.reporters.JUnitReportReporter -->
<testsuite hostname="LAPTOP-8PO5ARJU" failures="0" tests="1" name="com.iframes.IframeDemo_3" time="74.139" errors="0" timestamp="2022-05-14T20:55:45 IST" skipped="0">
  <testcase classname="com.iframes.IframeDemo_3" name="IframeDemo_3_Handle" time="74.139"/>
  <system-out/>
</testsuite> <!-- com.iframes.IframeDemo_3 -->
