<?xml version="1.0" encoding="UTF-8"?>
<!-- Generated by org.testng.reporters.JUnitReportReporter -->
<testsuite hostname="LAPTOP-8PO5ARJU" failures="0" tests="1" name="com.Alerts.Prompt" time="19.735" errors="0" timestamp="2022-05-12T14:36:50 IST" skipped="0">
  <testcase classname="com.Alerts.Prompt" name="prompt_Hindle" time="19.735"/>
  <system-out/>
</testsuite> <!-- com.Alerts.Prompt -->
