<?xml version="1.0" encoding="UTF-8"?>
<!-- Generated by org.testng.reporters.JUnitReportReporter -->
<testsuite hostname="LAPTOP-8PO5ARJU" failures="0" tests="1" name="com.MyPages.NewWindowOpen" time="53.695" errors="0" timestamp="2022-05-13T15:15:51 IST" skipped="0">
  <testcase classname="com.MyPages.NewWindowOpen" name="NewWindow" time="53.695"/>
  <system-out/>
</testsuite> <!-- com.MyPages.NewWindowOpen -->
