<?xml version="1.0" encoding="UTF-8"?>
<!-- Generated by org.testng.reporters.JUnitReportReporter -->
<testsuite hostname="LAPTOP-8PO5ARJU" failures="0" tests="1" name="com.MyPages.FindBrokenLinks" time="52.699" errors="0" timestamp="2022-05-11T12:42:23 IST" skipped="0">
  <testcase classname="com.MyPages.FindBrokenLinks" name="LinksBroken" time="52.699"/>
  <system-out/>
</testsuite> <!-- com.MyPages.FindBrokenLinks -->
