<?xml version="1.0" encoding="UTF-8"?>
<!-- Generated by org.testng.reporters.JUnitReportReporter -->
<testsuite hostname="LAPTOP-8PO5ARJU" failures="0" tests="1" name="com.CaptureScreenshot.HalfScreenShort" time="29.163" errors="0" timestamp="2022-05-13T13:57:29 IST" skipped="0">
  <testcase classname="com.CaptureScreenshot.HalfScreenShort" name="HalfScreenShort_Hindle" time="29.163"/>
  <system-out/>
</testsuite> <!-- com.CaptureScreenshot.HalfScreenShort -->
