<?xml version="1.0" encoding="UTF-8"?>
<!-- Generated by org.testng.reporters.JUnitReportReporter -->
<testsuite hostname="LAPTOP-8PO5ARJU" failures="0" tests="1" name="com.Synchronisation.issue.ExpicityWait" time="30.115" errors="0" timestamp="2022-05-13T16:32:10 IST" skipped="0">
  <testcase classname="com.Synchronisation.issue.ExpicityWait" name="ExpicityWait_Actions" time="30.115"/>
  <system-out/>
</testsuite> <!-- com.Synchronisation.issue.ExpicityWait -->
