<?xml version="1.0" encoding="UTF-8"?>
<!-- Generated by org.testng.reporters.JUnitReportReporter -->
<testsuite hostname="LAPTOP-8PO5ARJU" failures="0" tests="1" name="com.mouseoveraction.DoubleClick" time="14.090" errors="0" timestamp="2022-05-12T09:13:27 IST" skipped="0">
  <testcase classname="com.mouseoveraction.DoubleClick" name="DoubleClick_Actions" time="14.090"/>
  <system-out/>
</testsuite> <!-- com.mouseoveraction.DoubleClick -->
