<?xml version="1.0" encoding="UTF-8"?>
<!-- Generated by org.testng.reporters.JUnitReportReporter -->
<testsuite hostname="LAPTOP-8PO5ARJU" failures="0" tests="1" name="com.javascriptexcetor.JavaScrpitESC" time="31.019" errors="0" timestamp="2022-05-13T21:43:07 IST" skipped="0">
  <testcase classname="com.javascriptexcetor.JavaScrpitESC" name="JavaScrpitESC_Actions" time="31.019"/>
  <system-out/>
</testsuite> <!-- com.javascriptexcetor.JavaScrpitESC -->
