<?xml version="1.0" encoding="UTF-8"?>
<!-- Generated by org.testng.reporters.JUnitReportReporter -->
<testsuite hostname="LAPTOP-8PO5ARJU" failures="0" tests="1" name="com.Alerts.FBToolTip" time="18.945" errors="0" timestamp="2022-05-13T13:12:42 IST" skipped="0">
  <testcase classname="com.Alerts.FBToolTip" name="FBToolTip_Hindle" time="18.945"/>
  <system-out/>
</testsuite> <!-- com.Alerts.FBToolTip -->
