<?xml version="1.0" encoding="UTF-8"?>
<!-- Generated by org.testng.reporters.JUnitReportReporter -->
<testsuite hostname="LAPTOP-8PO5ARJU" failures="0" tests="1" name="com.UploadFile.RobortFile" time="24.965" errors="0" timestamp="2022-05-12T13:58:46 IST" skipped="0">
  <testcase classname="com.UploadFile.RobortFile" name="Robort_File" time="24.965"/>
  <system-out/>
</testsuite> <!-- com.UploadFile.RobortFile -->
