<?xml version="1.0" encoding="UTF-8"?>
<!-- Generated by org.testng.reporters.JUnitReportReporter -->
<testsuite hostname="LAPTOP-8PO5ARJU" failures="0" tests="1" name="com.mouseoveraction.RightClick" time="17.232" errors="0" timestamp="2022-05-12T08:58:35 IST" skipped="0">
  <testcase classname="com.mouseoveraction.RightClick" name="RightClick_Actions" time="17.232"/>
  <system-out/>
</testsuite> <!-- com.mouseoveraction.RightClick -->
