<?xml version="1.0" encoding="UTF-8"?>
<!-- Generated by org.testng.reporters.JUnitReportReporter -->
<testsuite hostname="LAPTOP-8PO5ARJU" failures="0" tests="1" name="com.Synchronisation.issue.ImplicityWait" time="40.259" errors="0" timestamp="2022-05-13T16:05:45 IST" skipped="0">
  <testcase classname="com.Synchronisation.issue.ImplicityWait" name="ImplicityWait_Actions" time="40.259"/>
  <system-out/>
</testsuite> <!-- com.Synchronisation.issue.ImplicityWait -->
