<?xml version="1.0" encoding="UTF-8"?>
<!-- Generated by org.testng.reporters.JUnitReportReporter -->
<testsuite hostname="LAPTOP-8PO5ARJU" failures="0" tests="1" name="com.ToScrollonWebPage.AlbumDemo" time="23.436" errors="0" timestamp="2022-05-14T22:04:52 IST" skipped="0">
  <testcase classname="com.ToScrollonWebPage.AlbumDemo" name="AlbumDemo_Handle" time="23.436"/>
  <system-out/>
</testsuite> <!-- com.ToScrollonWebPage.AlbumDemo -->
