<?xml version="1.0" encoding="UTF-8"?>
<!-- Generated by org.testng.reporters.JUnitReportReporter -->
<testsuite hostname="LAPTOP-8PO5ARJU" failures="0" tests="1" name="com.ToScrollonWebPage.VerticalScroll" time="32.411" errors="0" timestamp="2022-05-14T21:31:05 IST" skipped="0">
  <testcase classname="com.ToScrollonWebPage.VerticalScroll" name="VerticalScroll_Handle" time="32.411"/>
  <system-out/>
</testsuite> <!-- com.ToScrollonWebPage.VerticalScroll -->
