<?xml version="1.0" encoding="UTF-8"?>
<!-- Generated by org.testng.reporters.JUnitReportReporter -->
<testsuite hostname="LAPTOP-8PO5ARJU" failures="0" tests="1" name="com.DatePicker.DatePickerDemo_2" time="16.296" errors="0" timestamp="2022-05-16T13:53:00 IST" skipped="0">
  <testcase classname="com.DatePicker.DatePickerDemo_2" name="DatePickerDemo_Handle" time="16.296"/>
  <system-out/>
</testsuite> <!-- com.DatePicker.DatePickerDemo_2 -->
