<?xml version="1.0" encoding="UTF-8"?>
<!-- Generated by org.testng.reporters.JUnitReportReporter -->
<testsuite hostname="LAPTOP-8PO5ARJU" failures="0" tests="1" name="com.Alerts.ToolTip" time="27.904" errors="0" timestamp="2022-05-13T12:59:40 IST" skipped="0">
  <testcase classname="com.Alerts.ToolTip" name="ToolTip_Hindle" time="27.904"/>
  <system-out/>
</testsuite> <!-- com.Alerts.ToolTip -->
