<?xml version="1.0" encoding="UTF-8"?>
<!-- Generated by org.testng.reporters.JUnitReportReporter -->
<testsuite hostname="LAPTOP-8PO5ARJU" failures="0" tests="1" name="com.MyPages.Guru99" time="28.564" errors="0" timestamp="2022-05-11T17:14:45 IST" skipped="0">
  <testcase classname="com.MyPages.Guru99" name="Guru" time="28.564"/>
  <system-out/>
</testsuite> <!-- com.MyPages.Guru99 -->
